<?xml version="1.0" encoding="UTF-8"?>
<!-- Generated by org.testng.reporters.JUnitReportReporter -->
<testsuite hostname="pc-Sri" failures="0" tests="3" name="files.DynamicJson" time="4.553" errors="0" timestamp="2025-01-29T12:31:23 IST" skipped="0">
  <testcase classname="files.DynamicJson" name="addBook" time="4.132"/>
  <testcase classname="files.DynamicJson" name="addBook" time="0.214"/>
  <testcase classname="files.DynamicJson" name="addBook" time="0.207"/>
</testsuite> <!-- files.DynamicJson -->
