<?xml version="1.0" encoding="UTF-8"?>
<!-- Generated by org.testng.reporters.JUnitReportReporter -->
<testsuite hostname="pc-Sri" failures="0" tests="1" name="files.DynamicJson" time="5.163" errors="0" timestamp="2025-01-29T09:49:31 IST" skipped="0">
  <testcase classname="files.DynamicJson" name="addBook" time="5.163"/>
</testsuite> <!-- files.DynamicJson -->
